<?xml version="1.0" encoding="UTF-8"?>
<!-- Generated by org.testng.reporters.JUnitReportReporter -->
<testsuite hostname="LAPTOP-5NOBM86G" failures="0" tests="2" name="TestClass.LoginPageTest" time="1.976" errors="0" timestamp="2024-08-23T08:32:22 IST" skipped="0">
  <testcase classname="TestClass.LoginPageTest" name="checkPageTitle" time="0.027"/>
  <testcase classname="TestClass.LoginPageTest" name="loginWithCorrectCredentials" time="1.949"/>
</testsuite> <!-- TestClass.LoginPageTest -->
